<?xml version="1.0" encoding="UTF-8"?>
<!-- Generated by org.testng.reporters.JUnitXMLReporter -->
<testsuite ignored="0" hostname="TYSS-Ramya" failures="0" tests="3" name="Test-2" time="112.137" errors="0" timestamp="2024-12-19T13:41:09 IST">
  <testcase classname="com.comcast.crm.contactTest.CreateanOrgWithTestng" name="createOrg" time="14.684"/>
  <testcase classname="com.comcast.crm.contactTest.CreateanOrgWithTestng" name="createorgWithPhonenumber" time="18.762"/>
  <testcase classname="com.comcast.crm.contactTest.CreateanOrgWithTestng" name="createorgwithIndustry" time="18.345"/>
</testsuite> <!-- Test-2 -->
