<?xml version="1.0" encoding="UTF-8"?>
<!-- Generated by org.testng.reporters.JUnitReportReporter -->
<testsuite hostname="TYSS-Ramya" failures="0" tests="1" name="com.comcast.crm.contactTest.Create_ContactTestTestNg" time="23.744" errors="0" timestamp="2024-12-19T16:04:53 IST" skipped="0">
  <testcase classname="com.comcast.crm.contactTest.Create_ContactTestTestNg" name="CreateContact" time="23.744"/>
  <system-out/>
</testsuite> <!-- com.comcast.crm.contactTest.Create_ContactTestTestNg -->
