<?xml version="1.0" encoding="UTF-8"?>
<!-- Generated by org.testng.reporters.JUnitReportReporter -->
<testsuite hostname="TYSS-Ramya" failures="0" tests="2" name="Asserts.HomePageVerificationTest" time="13.964" errors="0" timestamp="2024-12-19T15:02:30 IST" skipped="0">
  <testcase classname="Asserts.HomePageVerificationTest" name="verifylogohomepageTest" time="6.839"/>
  <system-out/>
  <testcase classname="Asserts.HomePageVerificationTest" name="homepageTest" time="7.125"/>
  <system-out/>
</testsuite> <!-- Asserts.HomePageVerificationTest -->
