<?xml version="1.0" encoding="UTF-8"?>
<!-- Generated by org.testng.reporters.JUnitReportReporter -->
<testsuite hostname="TYSS-Ramya" failures="0" tests="2" name="com.comcast.crm.contactTest.Create_ContactTest" time="69.756" errors="0" timestamp="2024-12-19T12:39:55 IST" skipped="0">
  <testcase classname="com.comcast.crm.contactTest.Create_ContactTest" name="CreateContact" time="35.643"/>
  <system-out/>
  <testcase classname="com.comcast.crm.contactTest.Create_ContactTest" name="CreateContactWithSupportDateTest" time="34.113"/>
  <system-out/>
</testsuite> <!-- com.comcast.crm.contactTest.Create_ContactTest -->
