<?xml version="1.0" encoding="UTF-8"?>
<!-- Generated by org.testng.reporters.JUnitReportReporter -->
<testsuite hostname="TYSS-Ramya" failures="0" tests="2" name="Asserts.HomePageVerificationsusingAssert" time="14.052" errors="0" timestamp="2024-12-19T15:11:47 IST" skipped="0">
  <testcase classname="Asserts.HomePageVerificationsusingAssert" name="verifylogohomepageTest" time="6.700"/>
  <system-out/>
  <testcase classname="Asserts.HomePageVerificationsusingAssert" name="homepageTest" time="7.352"/>
  <system-out/>
</testsuite> <!-- Asserts.HomePageVerificationsusingAssert -->
