<?xml version="1.0" encoding="UTF-8"?>
<!-- Generated by org.testng.reporters.JUnitReportReporter -->
<testsuite hostname="TYSS-Ramya" failures="0" tests="2" name="Asserts.ReporterLog" time="0.021" errors="0" timestamp="2024-12-19T16:17:48 IST" skipped="0">
  <testcase classname="Asserts.ReporterLog" name="Reports" time="0.019"/>
  <system-out>
    <![CDATA[Test1 starts
Step1
Step2
Step3
Step4]]>
  </system-out>
  <testcase classname="Asserts.ReporterLog" name="verifylogohomepageTest" time="0.002"/>
  <system-out>
    <![CDATA[Test 2 Starts
Step1
Step2
Step3
Step4]]>
  </system-out>
</testsuite> <!-- Asserts.ReporterLog -->
