<?xml version="1.0" encoding="UTF-8"?>
<!-- Generated by org.testng.reporters.JUnitReportReporter -->
<testsuite hostname="TYSS-Ramya" failures="0" tests="1" name="ExtentReports.SampleReportTest" time="2.357" errors="0" timestamp="2024-12-20T15:28:02 IST" skipped="0">
  <testcase classname="ExtentReports.SampleReportTest" name="CreateTestcasewithOrg" time="2.357"/>
  <system-out/>
</testsuite> <!-- ExtentReports.SampleReportTest -->
