<?xml version="1.0" encoding="UTF-8"?>
<!-- Generated by org.testng.reporters.JUnitReportReporter -->
<testsuite hostname="TYSS-Ramya" failures="0" tests="1" name="ScreenShot.TakeScreenShot" time="3.657" errors="0" timestamp="2024-12-19T17:50:20 IST" skipped="0">
  <testcase classname="ScreenShot.TakeScreenShot" name="Test" time="3.657"/>
  <system-out/>
</testsuite> <!-- ScreenShot.TakeScreenShot -->
