<?xml version="1.0" encoding="UTF-8"?>
<!-- Generated by org.testng.reporters.JUnitReportReporter -->
<testsuite hostname="TYSS-Ramya" failures="0" tests="3" name="com.comcast.crm.contactTest.CreateanOrgWithTestng" time="89.921" errors="0" timestamp="2024-12-23T10:38:00 IST" skipped="0">
  <testcase classname="com.comcast.crm.contactTest.CreateanOrgWithTestng" name="createOrg" time="26.593"/>
  <system-out/>
  <testcase classname="com.comcast.crm.contactTest.CreateanOrgWithTestng" name="createorgwithIndustry" time="31.283"/>
  <system-out/>
  <testcase classname="com.comcast.crm.contactTest.CreateanOrgWithTestng" name="createorgWithPhonenumber" time="32.045"/>
  <system-out/>
</testsuite> <!-- com.comcast.crm.contactTest.CreateanOrgWithTestng -->
